<?xml version="1.0" encoding="utf-8"?><testsuites name="pytest tests"><testsuite name="pytest" errors="0" failures="0" skipped="0" tests="27" time="2.976" timestamp="2026-06-07T14:26:53.675877+00:00" hostname="agent-env-778eaf1a-af9f-4b0c-ae6a-f5764e4673b5"><testcase classname="backend.tests.backend_test.TestPublic" name="test_root" time="0.199" /><testcase classname="backend.tests.backend_test.TestPublic" name="test_public_settings_no_pin" time="0.059" /><testcase classname="backend.tests.backend_test.TestPublic" name="test_prestations_seeded" time="0.048" /><testcase classname="backend.tests.backend_test.TestPublic" name="test_gallery_seeded" time="0.046" /><testcase classname="backend.tests.backend_test.TestAdminAuth" name="test_login_correct_pin" time="0.053" /><testcase classname="backend.tests.backend_test.TestAdminAuth" name="test_login_wrong_pin" time="0.047" /><testcase classname="backend.tests.backend_test.TestAdminAuth" name="test_me_without_token" time="0.045" /><testcase classname="backend.tests.backend_test.TestAdminAuth" name="test_me_with_token" time="0.152" /><testcase classname="backend.tests.backend_test.TestSettings" name="test_update_settings" time="0.093" /><testcase classname="backend.tests.backend_test.TestSettings" name="test_update_settings_no_auth" time="0.045" /><testcase classname="backend.tests.backend_test.TestPrestations" name="test_crud" time="0.234" /><testcase classname="backend.tests.backend_test.TestPrestations" name="test_create_no_auth" time="0.044" /><testcase classname="backend.tests.backend_test.TestGallery" name="test_crud" time="0.137" /><testcase classname="backend.tests.backend_test.TestPromotions" name="test_crud" time="0.135" /><testcase classname="backend.tests.backend_test.TestBookings" name="test_create_no_auth" time="0.047" /><testcase classname="backend.tests.backend_test.TestBookings" name="test_list_requires_auth" time="0.045" /><testcase classname="backend.tests.backend_test.TestBookings" name="test_list_with_auth" time="0.045" /><testcase classname="backend.tests.backend_test.TestBookings" name="test_status_update" time="0.183" /><testcase classname="backend.tests.backend_test.TestBookings" name="test_status_invalid" time="0.135" /><testcase classname="backend.tests.backend_test.TestPublicSettingsPhase2" name="test_public_settings_has_phase2_fields" time="0.048" /><testcase classname="backend.tests.backend_test.TestPublicSettingsPhase2" name="test_update_phase2_settings" time="0.138" /><testcase classname="backend.tests.backend_test.TestPrestationImage" name="test_create_with_image_url" time="0.186" /><testcase classname="backend.tests.backend_test.TestLoyalty" name="test_loyalty_unknown_phone" time="0.047" /><testcase classname="backend.tests.backend_test.TestLoyalty" name="test_loyalty_phone_space_normalization" time="0.055" /><testcase classname="backend.tests.backend_test.TestLoyalty" name="test_loyalty_list_requires_auth" time="0.051" /><testcase classname="backend.tests.backend_test.TestLoyalty" name="test_loyalty_list_with_auth" time="0.052" /><testcase classname="backend.tests.backend_test.TestLoyalty" name="test_booking_confirm_increments_loyalty" time="0.395" /></testsuite></testsuites>